1605971839101	geckodriver	INFO	Listening on 127.0.0.1:42951
1605971839105	mozrunner::runner	INFO	Running command: "/usr/bin/firefox" "--marionette" "-foreground" "-no-remote" "-profile" "/tmp/rust_mozprofileIiQYlb"
console.warn: SearchSettings: "get: No settings file exists, new profile?" (new Error("", "(unknown module)"))
1605971840703	Marionette	INFO	Listening on port 41653
1605971840724	Marionette	WARN	TLS certificate errors will be ignored for this session
1605971855597	Marionette	INFO	Stopped listening on port 41653
1605972260446	geckodriver	INFO	Listening on 127.0.0.1:50711
1605972260449	mozrunner::runner	INFO	Running command: "/usr/bin/firefox" "--marionette" "-foreground" "-no-remote" "-profile" "/tmp/rust_mozprofilelWP3xV"
console.warn: SearchSettings: "get: No settings file exists, new profile?" (new Error("", "(unknown module)"))
1605972262210	Marionette	INFO	Listening on port 39439
1605972262267	Marionette	WARN	TLS certificate errors will be ignored for this session
1605972272134	Marionette	INFO	Stopped listening on port 39439
1605974780210	geckodriver	INFO	Listening on 127.0.0.1:53865
1605974781217	mozrunner::runner	INFO	Running command: "/usr/bin/firefox" "--marionette" "-foreground" "-no-remote" "-profile" "/tmp/rust_mozprofileZUFRTF"
console.warn: SearchSettings: "get: No settings file exists, new profile?" (new Error("", "(unknown module)"))
1605974782890	Marionette	INFO	Listening on port 44061
1605974782938	Marionette	WARN	TLS certificate errors will be ignored for this session
IPDL protocol error: Handler returned error code!

###!!! [Parent][DispatchAsyncMessage] Error: PLayerTransaction::Msg_ReleaseLayer Processing error: message was deserialized, but the handler returned false (indicating failure)

IPDL protocol error: Handler returned error code!

###!!! [Parent][DispatchAsyncMessage] Error: PLayerTransaction::Msg_ReleaseLayer Processing error: message was deserialized, but the handler returned false (indicating failure)

IPDL protocol error: Handler returned error code!

###!!! [Parent][DispatchAsyncMessage] Error: PLayerTransaction::Msg_ReleaseLayer Processing error: message was deserialized, but the handler returned false (indicating failure)

IPDL protocol error: Handler returned error code!

###!!! [Parent][DispatchAsyncMessage] Error: PLayerTransaction::Msg_ReleaseLayer Processing error: message was deserialized, but the handler returned false (indicating failure)

IPDL protocol error: Handler returned error code!

###!!! [Parent][DispatchAsyncMessage] Error: PLayerTransaction::Msg_ReleaseLayer Processing error: message was deserialized, but the handler returned false (indicating failure)

IPDL protocol error: Handler returned error code!

###!!! [Parent][DispatchAsyncMessage] Error: PLayerTransaction::Msg_ReleaseLayer Processing error: message was deserialized, but the handler returned false (indicating failure)

IPDL protocol error: Handler returned error code!

###!!! [Parent][DispatchAsyncMessage] Error: PLayerTransaction::Msg_ReleaseLayer Processing error: message was deserialized, but the handler returned false (indicating failure)

IPDL protocol error: Handler returned error code!

###!!! [Parent][DispatchAsyncMessage] Error: PLayerTransaction::Msg_ReleaseLayer Processing error: message was deserialized, but the handler returned false (indicating failure)

IPDL protocol error: Handler returned error code!

###!!! [Parent][DispatchAsyncMessage] Error: PLayerTransaction::Msg_ReleaseLayer Processing error: message was deserialized, but the handler returned false (indicating failure)

IPDL protocol error: Handler returned error code!

###!!! [Parent][DispatchAsyncMessage] Error: PLayerTransaction::Msg_ReleaseLayer Processing error: message was deserialized, but the handler returned false (indicating failure)

IPDL protocol error: Handler returned error code!

###!!! [Parent][DispatchAsyncMessage] Error: PLayerTransaction::Msg_ReleaseLayer Processing error: message was deserialized, but the handler returned false (indicating failure)

IPDL protocol error: Handler returned error code!

###!!! [Parent][DispatchAsyncMessage] Error: PLayerTransaction::Msg_ReleaseLayer Processing error: message was deserialized, but the handler returned false (indicating failure)

IPDL protocol error: Handler returned error code!

###!!! [Parent][DispatchAsyncMessage] Error: PLayerTransaction::Msg_ReleaseLayer Processing error: message was deserialized, but the handler returned false (indicating failure)

IPDL protocol error: Handler returned error code!

###!!! [Parent][DispatchAsyncMessage] Error: PLayerTransaction::Msg_ReleaseLayer Processing error: message was deserialized, but the handler returned false (indicating failure)

IPDL protocol error: Handler returned error code!

###!!! [Parent][DispatchAsyncMessage] Error: PLayerTransaction::Msg_ReleaseLayer Processing error: message was deserialized, but the handler returned false (indicating failure)

IPDL protocol error: Handler returned error code!

###!!! [Parent][DispatchAsyncMessage] Error: PLayerTransaction::Msg_ReleaseLayer Processing error: message was deserialized, but the handler returned false (indicating failure)

IPDL protocol error: Handler returned error code!

###!!! [Parent][DispatchAsyncMessage] Error: PLayerTransaction::Msg_ReleaseLayer Processing error: message was deserialized, but the handler returned false (indicating failure)

IPDL protocol error: Handler returned error code!

###!!! [Parent][DispatchAsyncMessage] Error: PLayerTransaction::Msg_ReleaseLayer Processing error: message was deserialized, but the handler returned false (indicating failure)

IPDL protocol error: Handler returned error code!

###!!! [Parent][DispatchAsyncMessage] Error: PLayerTransaction::Msg_ReleaseLayer Processing error: message was deserialized, but the handler returned false (indicating failure)

IPDL protocol error: Handler returned error code!

###!!! [Parent][DispatchAsyncMessage] Error: PLayerTransaction::Msg_ReleaseLayer Processing error: message was deserialized, but the handler returned false (indicating failure)

IPDL protocol error: Handler returned error code!

###!!! [Parent][DispatchAsyncMessage] Error: PLayerTransaction::Msg_ReleaseLayer Processing error: message was deserialized, but the handler returned false (indicating failure)

IPDL protocol error: Handler returned error code!

###!!! [Parent][DispatchAsyncMessage] Error: PLayerTransaction::Msg_ReleaseLayer Processing error: message was deserialized, but the handler returned false (indicating failure)

IPDL protocol error: Handler returned error code!

###!!! [Parent][DispatchAsyncMessage] Error: PLayerTransaction::Msg_ReleaseLayer Processing error: message was deserialized, but the handler returned false (indicating failure)

IPDL protocol error: Handler returned error code!

###!!! [Parent][DispatchAsyncMessage] Error: PLayerTransaction::Msg_ReleaseLayer Processing error: message was deserialized, but the handler returned false (indicating failure)

IPDL protocol error: Handler returned error code!

###!!! [Parent][DispatchAsyncMessage] Error: PLayerTransaction::Msg_ReleaseLayer Processing error: message was deserialized, but the handler returned false (indicating failure)

IPDL protocol error: Handler returned error code!

###!!! [Parent][DispatchAsyncMessage] Error: PLayerTransaction::Msg_ReleaseLayer Processing error: message was deserialized, but the handler returned false (indicating failure)

IPDL protocol error: Handler returned error code!

###!!! [Parent][DispatchAsyncMessage] Error: PLayerTransaction::Msg_ReleaseLayer Processing error: message was deserialized, but the handler returned false (indicating failure)

IPDL protocol error: Handler returned error code!

###!!! [Parent][DispatchAsyncMessage] Error: PLayerTransaction::Msg_ReleaseLayer Processing error: message was deserialized, but the handler returned false (indicating failure)

IPDL protocol error: Handler returned error code!

###!!! [Parent][DispatchAsyncMessage] Error: PLayerTransaction::Msg_ReleaseLayer Processing error: message was deserialized, but the handler returned false (indicating failure)

IPDL protocol error: Handler returned error code!

###!!! [Parent][DispatchAsyncMessage] Error: PLayerTransaction::Msg_ReleaseLayer Processing error: message was deserialized, but the handler returned false (indicating failure)

IPDL protocol error: Handler returned error code!

###!!! [Parent][DispatchAsyncMessage] Error: PLayerTransaction::Msg_ReleaseLayer Processing error: message was deserialized, but the handler returned false (indicating failure)

IPDL protocol error: Handler returned error code!

###!!! [Parent][DispatchAsyncMessage] Error: PLayerTransaction::Msg_ReleaseLayer Processing error: message was deserialized, but the handler returned false (indicating failure)

IPDL protocol error: Handler returned error code!

###!!! [Parent][DispatchAsyncMessage] Error: PLayerTransaction::Msg_ReleaseLayer Processing error: message was deserialized, but the handler returned false (indicating failure)


###!!! [Child][RunMessage] Error: Channel closing: too late to send/recv, messages will be lost

1605974866921	Marionette	INFO	Stopped listening on port 44061
1605974907452	geckodriver	INFO	Listening on 127.0.0.1:41281
1605974908459	mozrunner::runner	INFO	Running command: "/usr/bin/firefox" "--marionette" "-foreground" "-no-remote" "-profile" "/tmp/rust_mozprofileOAtGan"
console.warn: SearchSettings: "get: No settings file exists, new profile?" (new Error("", "(unknown module)"))
1605974910178	Marionette	INFO	Listening on port 38383
1605974910284	Marionette	WARN	TLS certificate errors will be ignored for this session
1605974935269	Marionette	INFO	Stopped listening on port 38383
1605975014400	geckodriver	INFO	Listening on 127.0.0.1:60467
1605975015407	mozrunner::runner	INFO	Running command: "/usr/bin/firefox" "--marionette" "-foreground" "-no-remote" "-profile" "/tmp/rust_mozprofileu6Qwc4"
console.warn: SearchSettings: "get: No settings file exists, new profile?" (new Error("", "(unknown module)"))
1605975016928	Marionette	INFO	Listening on port 39099
1605975017039	Marionette	WARN	TLS certificate errors will be ignored for this session
JavaScript warning: https://www.instagram.com/static/bundles/metro/Consumer.js/29339ecabd83.js, line 14: Failed to create WebGL context: failIfMajorPerformanceCaveat: Compositor is not hardware-accelerated.
JavaScript warning: https://www.instagram.com/static/bundles/metro/Consumer.js/29339ecabd83.js, line 14: Failed to create WebGL context: failIfMajorPerformanceCaveat: Compositor is not hardware-accelerated.
1605975056645	Marionette	INFO	Stopped listening on port 39099
1605975346465	geckodriver	INFO	Listening on 127.0.0.1:49227
1605975347478	mozrunner::runner	INFO	Running command: "/usr/bin/firefox" "--marionette" "-foreground" "-no-remote" "-profile" "/tmp/rust_mozprofileasFie3"
console.warn: SearchSettings: "get: No settings file exists, new profile?" (new Error("", "(unknown module)"))
1605975348964	Marionette	INFO	Listening on port 36301
1605975348996	Marionette	WARN	TLS certificate errors will be ignored for this session
JavaScript warning: https://www.instagram.com/static/bundles/metro/Consumer.js/29339ecabd83.js, line 14: Failed to create WebGL context: failIfMajorPerformanceCaveat: Compositor is not hardware-accelerated.
JavaScript warning: https://www.instagram.com/static/bundles/metro/Consumer.js/29339ecabd83.js, line 14: Failed to create WebGL context: failIfMajorPerformanceCaveat: Compositor is not hardware-accelerated.
IPDL protocol error: Handler returned error code!

###!!! [Parent][DispatchAsyncMessage] Error: PLayerTransaction::Msg_ReleaseLayer Processing error: message was deserialized, but the handler returned false (indicating failure)

IPDL protocol error: Handler returned error code!

###!!! [Parent][DispatchAsyncMessage] Error: PLayerTransaction::Msg_ReleaseLayer Processing error: message was deserialized, but the handler returned false (indicating failure)

1605975379544	Marionette	INFO	Stopped listening on port 36301
1605977660630	geckodriver	INFO	Listening on 127.0.0.1:37683
1605977660637	mozrunner::runner	INFO	Running command: "/usr/bin/firefox" "--marionette" "-foreground" "-no-remote" "-profile" "/tmp/rust_mozprofileVz0eIM"
console.warn: SearchSettings: "get: No settings file exists, new profile?" (new Error("", "(unknown module)"))
1605977662108	Marionette	INFO	Listening on port 36405
1605977662158	Marionette	WARN	TLS certificate errors will be ignored for this session
JavaScript warning: https://www.instagram.com/static/bundles/metro/Consumer.js/29339ecabd83.js, line 14: Failed to create WebGL context: failIfMajorPerformanceCaveat: Compositor is not hardware-accelerated.
JavaScript warning: https://www.instagram.com/static/bundles/metro/Consumer.js/29339ecabd83.js, line 14: Failed to create WebGL context: failIfMajorPerformanceCaveat: Compositor is not hardware-accelerated.
1605977741898	Marionette	INFO	Stopped listening on port 36405
1605977756046	geckodriver	INFO	Listening on 127.0.0.1:36453
1605977756053	mozrunner::runner	INFO	Running command: "/usr/bin/firefox" "--marionette" "-foreground" "-no-remote" "-profile" "/tmp/rust_mozprofile4OkXTH"
console.warn: SearchSettings: "get: No settings file exists, new profile?" (new Error("", "(unknown module)"))
1605977757618	Marionette	INFO	Listening on port 37917
1605977757674	Marionette	WARN	TLS certificate errors will be ignored for this session
JavaScript warning: https://www.instagram.com/static/bundles/metro/Consumer.js/29339ecabd83.js, line 14: Failed to create WebGL context: failIfMajorPerformanceCaveat: Compositor is not hardware-accelerated.
JavaScript warning: https://www.instagram.com/static/bundles/metro/Consumer.js/29339ecabd83.js, line 14: Failed to create WebGL context: failIfMajorPerformanceCaveat: Compositor is not hardware-accelerated.
1605977785852	Marionette	INFO	Stopped listening on port 37917
1605978126040	geckodriver	INFO	Listening on 127.0.0.1:52843
1605978126047	mozrunner::runner	INFO	Running command: "/usr/bin/firefox" "--marionette" "-foreground" "-no-remote" "-profile" "/tmp/rust_mozprofileTgkxcu"
console.warn: SearchSettings: "get: No settings file exists, new profile?" (new Error("", "(unknown module)"))
1605978127578	Marionette	INFO	Listening on port 37137
1605978127738	Marionette	WARN	TLS certificate errors will be ignored for this session
1605978129829	Marionette	INFO	Stopped listening on port 37137
1605978273485	geckodriver	INFO	Listening on 127.0.0.1:57289
1605978273492	mozrunner::runner	INFO	Running command: "/usr/bin/firefox" "--marionette" "-foreground" "-no-remote" "-profile" "/tmp/rust_mozprofileYixnub"
console.warn: SearchSettings: "get: No settings file exists, new profile?" (new Error("", "(unknown module)"))
1605978274936	Marionette	INFO	Listening on port 43329
1605978275016	Marionette	WARN	TLS certificate errors will be ignored for this session
JavaScript warning: https://www.instagram.com/static/bundles/metro/Consumer.js/29339ecabd83.js, line 14: Failed to create WebGL context: failIfMajorPerformanceCaveat: Compositor is not hardware-accelerated.
JavaScript warning: https://www.instagram.com/static/bundles/metro/Consumer.js/29339ecabd83.js, line 14: Failed to create WebGL context: failIfMajorPerformanceCaveat: Compositor is not hardware-accelerated.
1605978299476	Marionette	INFO	Stopped listening on port 43329
1605978362191	geckodriver	INFO	Listening on 127.0.0.1:52865
1605978362198	mozrunner::runner	INFO	Running command: "/usr/bin/firefox" "--marionette" "-foreground" "-no-remote" "-profile" "/tmp/rust_mozprofileFhh70a"
console.warn: SearchSettings: "get: No settings file exists, new profile?" (new Error("", "(unknown module)"))
1605978363596	Marionette	INFO	Listening on port 41417
1605978363617	Marionette	WARN	TLS certificate errors will be ignored for this session
JavaScript warning: https://www.instagram.com/static/bundles/metro/Consumer.js/29339ecabd83.js, line 14: Failed to create WebGL context: failIfMajorPerformanceCaveat: Compositor is not hardware-accelerated.
JavaScript warning: https://www.instagram.com/static/bundles/metro/Consumer.js/29339ecabd83.js, line 14: Failed to create WebGL context: failIfMajorPerformanceCaveat: Compositor is not hardware-accelerated.
1605978387811	Marionette	INFO	Stopped listening on port 41417
1605978454941	geckodriver	INFO	Listening on 127.0.0.1:38399
1605978454947	mozrunner::runner	INFO	Running command: "/usr/bin/firefox" "--marionette" "-foreground" "-no-remote" "-profile" "/tmp/rust_mozprofilexrzBfD"
console.warn: SearchSettings: "get: No settings file exists, new profile?" (new Error("", "(unknown module)"))
1605978456418	Marionette	INFO	Listening on port 46713
1605978456468	Marionette	WARN	TLS certificate errors will be ignored for this session
JavaScript warning: https://www.instagram.com/static/bundles/metro/Consumer.js/29339ecabd83.js, line 14: Failed to create WebGL context: failIfMajorPerformanceCaveat: Compositor is not hardware-accelerated.
JavaScript warning: https://www.instagram.com/static/bundles/metro/Consumer.js/29339ecabd83.js, line 14: Failed to create WebGL context: failIfMajorPerformanceCaveat: Compositor is not hardware-accelerated.
1605978496965	Marionette	INFO	Stopped listening on port 46713
1605978554037	geckodriver	INFO	Listening on 127.0.0.1:60639
1605978554044	mozrunner::runner	INFO	Running command: "/usr/bin/firefox" "--marionette" "-foreground" "-no-remote" "-profile" "/tmp/rust_mozprofile788o5q"
console.warn: SearchSettings: "get: No settings file exists, new profile?" (new Error("", "(unknown module)"))
1605978555473	Marionette	INFO	Listening on port 42781
1605978555568	Marionette	WARN	TLS certificate errors will be ignored for this session
JavaScript warning: https://www.instagram.com/static/bundles/metro/Consumer.js/29339ecabd83.js, line 14: Failed to create WebGL context: failIfMajorPerformanceCaveat: Compositor is not hardware-accelerated.
JavaScript warning: https://www.instagram.com/static/bundles/metro/Consumer.js/29339ecabd83.js, line 14: Failed to create WebGL context: failIfMajorPerformanceCaveat: Compositor is not hardware-accelerated.
1605978582705	Marionette	INFO	Stopped listening on port 42781
1605978793930	geckodriver	INFO	Listening on 127.0.0.1:33663
1605978793935	mozrunner::runner	INFO	Running command: "/usr/bin/firefox" "--marionette" "-foreground" "-no-remote" "-profile" "/tmp/rust_mozprofileHKZ3uq"
console.warn: SearchSettings: "get: No settings file exists, new profile?" (new Error("", "(unknown module)"))
1605978795460	Marionette	INFO	Listening on port 37127
1605978795610	Marionette	WARN	TLS certificate errors will be ignored for this session
JavaScript warning: https://www.instagram.com/static/bundles/metro/Consumer.js/29339ecabd83.js, line 14: Failed to create WebGL context: failIfMajorPerformanceCaveat: Compositor is not hardware-accelerated.
JavaScript warning: https://www.instagram.com/static/bundles/metro/Consumer.js/29339ecabd83.js, line 14: Failed to create WebGL context: failIfMajorPerformanceCaveat: Compositor is not hardware-accelerated.
1605978845644	Marionette	INFO	Stopped listening on port 37127
1605981552237	geckodriver	INFO	Listening on 127.0.0.1:33941
1605981552243	mozrunner::runner	INFO	Running command: "/usr/bin/firefox" "--marionette" "-foreground" "-no-remote" "-profile" "/tmp/rust_mozprofilek1ozlV"
console.warn: SearchSettings: "get: No settings file exists, new profile?" (new Error("", "(unknown module)"))
1605981553698	Marionette	INFO	Listening on port 37057
1605981553771	Marionette	WARN	TLS certificate errors will be ignored for this session
JavaScript warning: https://www.instagram.com/static/bundles/metro/Consumer.js/29339ecabd83.js, line 14: Failed to create WebGL context: failIfMajorPerformanceCaveat: Compositor is not hardware-accelerated.
JavaScript warning: https://www.instagram.com/static/bundles/metro/Consumer.js/29339ecabd83.js, line 14: Failed to create WebGL context: failIfMajorPerformanceCaveat: Compositor is not hardware-accelerated.
1605981597510	Marionette	INFO	Stopped listening on port 37057
1605981625867	geckodriver	INFO	Listening on 127.0.0.1:45833
1605981625873	mozrunner::runner	INFO	Running command: "/usr/bin/firefox" "--marionette" "-foreground" "-no-remote" "-profile" "/tmp/rust_mozprofileTYMBCk"
console.warn: SearchSettings: "get: No settings file exists, new profile?" (new Error("", "(unknown module)"))
1605981627450	Marionette	INFO	Listening on port 39351
1605981627498	Marionette	WARN	TLS certificate errors will be ignored for this session
JavaScript warning: https://www.instagram.com/static/bundles/metro/Consumer.js/29339ecabd83.js, line 14: Failed to create WebGL context: failIfMajorPerformanceCaveat: Compositor is not hardware-accelerated.
JavaScript warning: https://www.instagram.com/static/bundles/metro/Consumer.js/29339ecabd83.js, line 14: Failed to create WebGL context: failIfMajorPerformanceCaveat: Compositor is not hardware-accelerated.
IPDL protocol error: Handler returned error code!

###!!! [Parent][DispatchAsyncMessage] Error: PLayerTransaction::Msg_ReleaseLayer Processing error: message was deserialized, but the handler returned false (indicating failure)

IPDL protocol error: Handler returned error code!

###!!! [Parent][DispatchAsyncMessage] Error: PLayerTransaction::Msg_ReleaseLayer Processing error: message was deserialized, but the handler returned false (indicating failure)

1605981657141	Marionette	INFO	Stopped listening on port 39351
1605981690188	geckodriver	INFO	Listening on 127.0.0.1:47893
1605981690194	mozrunner::runner	INFO	Running command: "/usr/bin/firefox" "--marionette" "-foreground" "-no-remote" "-profile" "/tmp/rust_mozprofilepWUffh"
console.warn: SearchSettings: "get: No settings file exists, new profile?" (new Error("", "(unknown module)"))
1605981691726	Marionette	INFO	Listening on port 45497
1605981691818	Marionette	WARN	TLS certificate errors will be ignored for this session
Exiting due to channel error.
Exiting due to channel error.
Exiting due to channel error.
1606028823918	geckodriver	INFO	Listening on 127.0.0.1:33555
1606028824928	mozrunner::runner	INFO	Running command: "/usr/bin/firefox" "--marionette" "-foreground" "-no-remote" "-profile" "/tmp/rust_mozprofileRYSP6T"
console.warn: SearchSettings: "get: No settings file exists, new profile?" (new Error("", "(unknown module)"))
1606028826514	Marionette	INFO	Listening on port 33323
1606028826546	Marionette	WARN	TLS certificate errors will be ignored for this session
Exiting due to channel error.
Exiting due to channel error.
Exiting due to channel error.
1606029051626	geckodriver	INFO	Listening on 127.0.0.1:60677
1606029051628	mozrunner::runner	INFO	Running command: "/usr/bin/firefox" "--marionette" "-foreground" "-no-remote" "-profile" "/tmp/rust_mozprofilek2xFS1"
console.warn: SearchSettings: "get: No settings file exists, new profile?" (new Error("", "(unknown module)"))
1606029053218	Marionette	INFO	Listening on port 44301
1606029053250	Marionette	WARN	TLS certificate errors will be ignored for this session
JavaScript error: , line 0: uncaught exception: Object
1606029094426	Marionette	INFO	Stopped listening on port 44301
1606029287445	geckodriver	INFO	Listening on 127.0.0.1:52663
1606029287448	mozrunner::runner	INFO	Running command: "/usr/bin/firefox" "--marionette" "-foreground" "-no-remote" "-profile" "/tmp/rust_mozprofileF5Yn0R"
console.warn: SearchSettings: "get: No settings file exists, new profile?" (new Error("", "(unknown module)"))
1606029288999	Marionette	INFO	Listening on port 43767
1606029289073	Marionette	WARN	TLS certificate errors will be ignored for this session
1606029326607	Marionette	INFO	Stopped listening on port 43767
1606032771329	geckodriver	INFO	Listening on 127.0.0.1:53713
1606032771332	mozrunner::runner	INFO	Running command: "/usr/bin/firefox" "--marionette" "-foreground" "-no-remote" "-profile" "/tmp/rust_mozprofile6hlbKB"
console.warn: SearchSettings: "get: No settings file exists, new profile?" (new Error("", "(unknown module)"))
1606032772891	Marionette	INFO	Listening on port 43047
1606032772950	Marionette	WARN	TLS certificate errors will be ignored for this session
1606032804311	Marionette	INFO	Stopped listening on port 43047
1606032823994	geckodriver	INFO	Listening on 127.0.0.1:57597
1606032823997	mozrunner::runner	INFO	Running command: "/usr/bin/firefox" "--marionette" "-foreground" "-no-remote" "-profile" "/tmp/rust_mozprofileWfrRtj"
console.warn: SearchSettings: "get: No settings file exists, new profile?" (new Error("", "(unknown module)"))
A content process crashed and MOZ_CRASHREPORTER_SHUTDOWN is set, shutting down
console.warn: services.settings: main/fxmonitor-breaches sync interrupted by shutdown
console.warn: services.settings: main/nimbus-desktop-experiments sync interrupted by shutdown
console.warn: services.settings: main/message-groups sync interrupted by shutdown
console.warn: SearchService: "_init: abandoning init due to shutting down"
JavaScript error: , line 0: uncaught exception: 2147500036
JavaScript error: , line 0: uncaught exception: 2147500036
JavaScript error: , line 0: uncaught exception: 2147500036
JavaScript error: , line 0: uncaught exception: 2147500036
console.error: Region.jsm: "Error fetching region" (new TypeError("NetworkError when attempting to fetch resource.", ""))
console.error: Region.jsm: "Failed to fetch region" (new Error("NO_RESULT", "resource://gre/modules/Region.jsm", 376))
1606032830171	geckodriver	INFO	Listening on 127.0.0.1:37633
1606032830174	mozrunner::runner	INFO	Running command: "/usr/bin/firefox" "--marionette" "-foreground" "-no-remote" "-profile" "/tmp/rust_mozprofileutttaG"
console.warn: SearchSettings: "get: No settings file exists, new profile?" (new Error("", "(unknown module)"))
1606032831775	Marionette	INFO	Listening on port 34177
1606032831799	Marionette	WARN	TLS certificate errors will be ignored for this session
1606032871836	Marionette	INFO	Stopped listening on port 34177
1606032892146	geckodriver	INFO	Listening on 127.0.0.1:49511
1606032892149	mozrunner::runner	INFO	Running command: "/usr/bin/firefox" "--marionette" "-foreground" "-no-remote" "-profile" "/tmp/rust_mozprofileZmgAUF"
console.warn: SearchSettings: "get: No settings file exists, new profile?" (new Error("", "(unknown module)"))
1606032893666	Marionette	INFO	Listening on port 43715
1606032893771	Marionette	WARN	TLS certificate errors will be ignored for this session
1606032909437	Marionette	WARN	TimedPromise timed out after 500 ms: stacktrace:
TimedPromise/<@chrome://marionette/content/sync.js:228:19
TimedPromise@chrome://marionette/content/sync.js:213:10
interaction.flushEventLoop@chrome://marionette/content/interaction.js:418:10
webdriverClickElement@chrome://marionette/content/interaction.js:179:31
1606032928389	Marionette	INFO	Stopped listening on port 43715
1606033100383	geckodriver	INFO	Listening on 127.0.0.1:33475
1606033100386	mozrunner::runner	INFO	Running command: "/usr/bin/firefox" "--marionette" "-foreground" "-no-remote" "-profile" "/tmp/rust_mozprofileWW8x5p"
console.warn: SearchSettings: "get: No settings file exists, new profile?" (new Error("", "(unknown module)"))
1606033101940	Marionette	INFO	Listening on port 35401
1606033102006	Marionette	WARN	TLS certificate errors will be ignored for this session
1606033117851	Marionette	WARN	TimedPromise timed out after 500 ms: stacktrace:
TimedPromise/<@chrome://marionette/content/sync.js:228:19
TimedPromise@chrome://marionette/content/sync.js:213:10
interaction.flushEventLoop@chrome://marionette/content/interaction.js:418:10
webdriverClickElement@chrome://marionette/content/interaction.js:179:31
1606033130611	Marionette	INFO	Stopped listening on port 35401
1606033309502	geckodriver	INFO	Listening on 127.0.0.1:60729
1606033309504	mozrunner::runner	INFO	Running command: "/usr/bin/firefox" "--marionette" "-foreground" "-no-remote" "-profile" "/tmp/rust_mozprofilewtkZDN"
console.warn: SearchSettings: "get: No settings file exists, new profile?" (new Error("", "(unknown module)"))
1606033311139	Marionette	INFO	Listening on port 42179
1606033311306	Marionette	WARN	TLS certificate errors will be ignored for this session
1606033326981	Marionette	WARN	TimedPromise timed out after 500 ms: stacktrace:
TimedPromise/<@chrome://marionette/content/sync.js:228:19
TimedPromise@chrome://marionette/content/sync.js:213:10
interaction.flushEventLoop@chrome://marionette/content/interaction.js:418:10
webdriverClickElement@chrome://marionette/content/interaction.js:179:31
1606033435596	Marionette	INFO	Stopped listening on port 42179
1606034237334	geckodriver	INFO	Listening on 127.0.0.1:47157
1606034237337	mozrunner::runner	INFO	Running command: "/usr/bin/firefox" "--marionette" "-foreground" "-no-remote" "-profile" "/tmp/rust_mozprofileevOX2Q"
console.warn: SearchSettings: "get: No settings file exists, new profile?" (new Error("", "(unknown module)"))
1606034238860	Marionette	INFO	Listening on port 44527
1606034238957	Marionette	WARN	TLS certificate errors will be ignored for this session
JavaScript error: https://www.facebook.com/instagram/login_sync/, line 4: ReferenceError: requireLazy is not defined
JavaScript error: https://www.facebook.com/instagram/login_sync/, line 9: ReferenceError: requireLazy is not defined
JavaScript error: https://www.facebook.com/instagram/login_sync/, line 10: ReferenceError: requireLazy is not defined
JavaScript error: https://www.facebook.com/instagram/login_sync/, line 11: ReferenceError: requireLazy is not defined
1606034254566	Marionette	WARN	TimedPromise timed out after 500 ms: stacktrace:
TimedPromise/<@chrome://marionette/content/sync.js:228:19
TimedPromise@chrome://marionette/content/sync.js:213:10
interaction.flushEventLoop@chrome://marionette/content/interaction.js:418:10
webdriverClickElement@chrome://marionette/content/interaction.js:179:31
1606034340374	Marionette	INFO	Stopped listening on port 44527
1606034513750	geckodriver	INFO	Listening on 127.0.0.1:45371
1606034513753	mozrunner::runner	INFO	Running command: "/usr/bin/firefox" "--marionette" "-foreground" "-no-remote" "-profile" "/tmp/rust_mozprofileKfZmeE"
console.warn: SearchSettings: "get: No settings file exists, new profile?" (new Error("", "(unknown module)"))
1606034515620	Marionette	INFO	Listening on port 38209
1606034515672	Marionette	WARN	TLS certificate errors will be ignored for this session
1606034515705	geckodriver	INFO	Listening on 127.0.0.1:34269
1606034516708	mozrunner::runner	INFO	Running command: "/usr/bin/firefox" "--marionette" "-foreground" "-no-remote" "-profile" "/tmp/rust_mozprofileaXtN76"
console.warn: SearchSettings: "get: No settings file exists, new profile?" (new Error("", "(unknown module)"))
1606034518690	Marionette	INFO	Listening on port 33105
1606034518736	Marionette	WARN	TLS certificate errors will be ignored for this session
1606034521662	Marionette	INFO	Stopped listening on port 33105
1606034523402	Marionette	INFO	Stopped listening on port 38209
1606034977887	geckodriver	INFO	Listening on 127.0.0.1:39597
1606034977890	mozrunner::runner	INFO	Running command: "/usr/bin/firefox" "--marionette" "-foreground" "-no-remote" "-profile" "/tmp/rust_mozprofileEX3vz8"
console.warn: SearchSettings: "get: No settings file exists, new profile?" (new Error("", "(unknown module)"))
1606034979495	Marionette	INFO	Listening on port 36945
1606034979613	Marionette	WARN	TLS certificate errors will be ignored for this session
1606034985434	Marionette	INFO	Stopped listening on port 36945
1606034989174	geckodriver	INFO	Listening on 127.0.0.1:33347
1606034989177	mozrunner::runner	INFO	Running command: "/usr/bin/firefox" "--marionette" "-foreground" "-no-remote" "-profile" "/tmp/rust_mozprofile1Ox3Ek"
console.warn: SearchSettings: "get: No settings file exists, new profile?" (new Error("", "(unknown module)"))
1606034990810	Marionette	INFO	Listening on port 37099
1606034990898	Marionette	WARN	TLS certificate errors will be ignored for this session
1606035006481	Marionette	WARN	TimedPromise timed out after 500 ms: stacktrace:
TimedPromise/<@chrome://marionette/content/sync.js:228:19
TimedPromise@chrome://marionette/content/sync.js:213:10
interaction.flushEventLoop@chrome://marionette/content/interaction.js:418:10
webdriverClickElement@chrome://marionette/content/interaction.js:179:31
1606035270494	Marionette	INFO	Stopped listening on port 37099
